# JRE version: Java(TM) SE Runtime Environment (8.0_221-b11) (build 1.8.0_221-b11)
# Java VM: Java HotSpot(TM) 64-Bit Server VM (25.221-b11 mixed mode bsd-amd64 compressed oops)
Heap:
 PSYoungGen      total 315904K, used 10033K [0x000000076ab00000, 0x0000000781d80000, 0x00000007c0000000)
  eden space 292352K, 3% used [0x000000076ab00000,0x000000076b4cc588,0x000000077c880000)
  from space 23552K, 0% used [0x000000077f400000,0x000000077f400000,0x0000000780b00000)
  to   space 18944K, 0% used [0x0000000780b00000,0x0000000780b00000,0x0000000781d80000)
 ParOldGen       total 242688K, used 39186K [0x00000006c0000000, 0x00000006ced00000, 0x000000076ab00000)
  object space 242688K, 16% used [0x00000006c0000000,0x00000006c2644838,0x00000006ced00000)
 Metaspace       used 76982K, capacity 80478K, committed 80792K, reserved 1120256K
  class space    used 9741K, capacity 10329K, committed 10416K, reserved 1048576K
GC Heap History (10 events):
Event: 20.433 GC heap before
{Heap before GC invocations=15 (full 3):
 PSYoungGen      total 273920K, used 273919K [0x000000076ab00000, 0x0000000780880000, 0x00000007c0000000)
  eden space 252928K, 100% used [0x000000076ab00000,0x000000077a200000,0x000000077a200000)
  from space 20992K, 99% used [0x000000077a200000,0x000000077b67fe28,0x000000077b680000)
  to   space 24064K, 0% used [0x000000077f100000,0x000000077f100000,0x0000000780880000)
 ParOldGen       total 242688K, used 29912K [0x00000006c0000000, 0x00000006ced00000, 0x000000076ab00000)
  object space 242688K, 12% used [0x00000006c0000000,0x00000006c1d362c0,0x00000006ced00000)
 Metaspace       used 76832K, capacity 80344K, committed 80536K, reserved 1120256K
  class space    used 9733K, capacity 10334K, committed 10416K, reserved 1048576K
Event: 20.456 GC heap after
Heap after GC invocations=15 (full 3):
 PSYoungGen      total 325120K, used 24033K [0x000000076ab00000, 0x0000000780a00000, 0x00000007c0000000)
  eden space 301056K, 0% used [0x000000076ab00000,0x000000076ab00000,0x000000077d100000)
  from space 24064K, 99% used [0x000000077f100000,0x0000000780878780,0x0000000780880000)
  to   space 29184K, 0% used [0x000000077d100000,0x000000077d100000,0x000000077ed80000)
 ParOldGen       total 242688K, used 35133K [0x00000006c0000000, 0x00000006ced00000, 0x000000076ab00000)
  object space 242688K, 14% used [0x00000006c0000000,0x00000006c224f7e0,0x00000006ced00000)
 Metaspace       used 76832K, capacity 80344K, committed 80536K, reserved 1120256K
  class space    used 9733K, capacity 10334K, committed 10416K, reserved 1048576K
}
Event: 396.415 GC heap before
{Heap before GC invocations=16 (full 3):
 PSYoungGen      total 325120K, used 325089K [0x000000076ab00000, 0x0000000780a00000, 0x00000007c0000000)
  eden space 301056K, 100% used [0x000000076ab00000,0x000000077d100000,0x000000077d100000)
  from space 24064K, 99% used [0x000000077f100000,0x0000000780878780,0x0000000780880000)
  to   space 29184K, 0% used [0x000000077d100000,0x000000077d100000,0x000000077ed80000)
 ParOldGen       total 242688K, used 35133K [0x00000006c0000000, 0x00000006ced00000, 0x000000076ab00000)
  object space 242688K, 14% used [0x00000006c0000000,0x00000006c224f7e0,0x00000006ced00000)
 Metaspace       used 76925K, capacity 80408K, committed 80536K, reserved 1120256K
  class space    used 9734K, capacity 10334K, committed 10416K, reserved 1048576K
Event: 396.436 GC heap after
Heap after GC invocations=16 (full 3):
 PSYoungGen      total 330240K, used 24080K [0x000000076ab00000, 0x0000000783b80000, 0x00000007c0000000)
  eden space 301056K, 0% used [0x000000076ab00000,0x000000076ab00000,0x000000077d100000)
  from space 29184K, 82% used [0x000000077d100000,0x000000077e884050,0x000000077ed80000)
  to   space 31232K, 0% used [0x0000000781d00000,0x0000000781d00000,0x0000000783b80000)
 ParOldGen       total 242688K, used 35141K [0x00000006c0000000, 0x00000006ced00000, 0x000000076ab00000)
  object space 242688K, 14% used [0x00000006c0000000,0x00000006c22517e0,0x00000006ced00000)
 Metaspace       used 76925K, capacity 80408K, committed 80536K, reserved 1120256K
  class space    used 9734K, capacity 10334K, committed 10416K, reserved 1048576K
}
Event: 782.767 GC heap before
{Heap before GC invocations=17 (full 3):
 PSYoungGen      total 330240K, used 325136K [0x000000076ab00000, 0x0000000783b80000, 0x00000007c0000000)
  eden space 301056K, 100% used [0x000000076ab00000,0x000000077d100000,0x000000077d100000)
  from space 29184K, 82% used [0x000000077d100000,0x000000077e884050,0x000000077ed80000)
  to   space 31232K, 0% used [0x0000000781d00000,0x0000000781d00000,0x0000000783b80000)
 ParOldGen       total 242688K, used 35141K [0x00000006c0000000, 0x00000006ced00000, 0x000000076ab00000)
  object space 242688K, 14% used [0x00000006c0000000,0x00000006c22517e0,0x00000006ced00000)
 Metaspace       used 76945K, capacity 80408K, committed 80536K, reserved 1120256K
  class space    used 9734K, capacity 10334K, committed 10416K, reserved 1048576K
Event: 782.786 GC heap after
Heap after GC invocations=17 (full 3):
 PSYoungGen      total 316928K, used 24080K [0x000000076ab00000, 0x0000000783500000, 0x00000007c0000000)
  eden space 292352K, 0% used [0x000000076ab00000,0x000000076ab00000,0x000000077c880000)
  from space 24576K, 97% used [0x0000000781d00000,0x0000000783484070,0x0000000783500000)
  to   space 33280K, 0% used [0x000000077f400000,0x000000077f400000,0x0000000781480000)
 ParOldGen       total 242688K, used 35149K [0x00000006c0000000, 0x00000006ced00000, 0x000000076ab00000)
  object space 242688K, 14% used [0x00000006c0000000,0x00000006c22537e0,0x00000006ced00000)
 Metaspace       used 76945K, capacity 80408K, committed 80536K, reserved 1120256K
  class space    used 9734K, capacity 10334K, committed 10416K, reserved 1048576K
}
Event: 1001.253 GC heap before
{Heap before GC invocations=18 (full 3):
 PSYoungGen      total 316928K, used 218518K [0x000000076ab00000, 0x0000000783500000, 0x00000007c0000000)
  eden space 292352K, 66% used [0x000000076ab00000,0x00000007768e1a68,0x000000077c880000)
  from space 24576K, 97% used [0x0000000781d00000,0x0000000783484070,0x0000000783500000)
  to   space 33280K, 0% used [0x000000077f400000,0x000000077f400000,0x0000000781480000)
 ParOldGen       total 242688K, used 35149K [0x00000006c0000000, 0x00000006ced00000, 0x000000076ab00000)
  object space 242688K, 14% used [0x00000006c0000000,0x00000006c22537e0,0x00000006ced00000)
 Metaspace       used 77056K, capacity 80604K, committed 80792K, reserved 1120256K
  class space    used 9751K, capacity 10349K, committed 10416K, reserved 1048576K
Event: 1001.344 GC heap after
Heap after GC invocations=18 (full 3):
 PSYoungGen      total 315904K, used 23344K [0x000000076ab00000, 0x0000000781d80000, 0x00000007c0000000)
  eden space 292352K, 0% used [0x000000076ab00000,0x000000076ab00000,0x000000077c880000)
  from space 23552K, 99% used [0x000000077f400000,0x0000000780acc050,0x0000000780b00000)
  to   space 18944K, 0% used [0x0000000780b00000,0x0000000780b00000,0x0000000781d80000)
 ParOldGen       total 242688K, used 35157K [0x00000006c0000000, 0x00000006ced00000, 0x000000076ab00000)
  object space 242688K, 14% used [0x00000006c0000000,0x00000006c22557e0,0x00000006ced00000)
 Metaspace       used 77056K, capacity 80604K, committed 80792K, reserved 1120256K
  class space    used 9751K, capacity 10349K, committed 10416K, reserved 1048576K
}
Event: 1001.344 GC heap before
{Heap before GC invocations=19 (full 4):
 PSYoungGen      total 315904K, used 23344K [0x000000076ab00000, 0x0000000781d80000, 0x00000007c0000000)
  eden space 292352K, 0% used [0x000000076ab00000,0x000000076ab00000,0x000000077c880000)
  from space 23552K, 99% used [0x000000077f400000,0x0000000780acc050,0x0000000780b00000)
  to   space 18944K, 0% used [0x0000000780b00000,0x0000000780b00000,0x0000000781d80000)
 ParOldGen       total 242688K, used 35157K [0x00000006c0000000, 0x00000006ced00000, 0x000000076ab00000)
  object space 242688K, 14% used [0x00000006c0000000,0x00000006c22557e0,0x00000006ced00000)
 Metaspace       used 77056K, capacity 80604K, committed 80792K, reserved 1120256K
  class space    used 9751K, capacity 10349K, committed 10416K, reserved 1048576K
Event: 1001.692 GC heap after
Heap after GC invocations=19 (full 4):
 PSYoungGen      total 315904K, used 0K [0x000000076ab00000, 0x0000000781d80000, 0x00000007c0000000)
  eden space 292352K, 0% used [0x000000076ab00000,0x000000076ab00000,0x000000077c880000)
  from space 23552K, 0% used [0x000000077f400000,0x000000077f400000,0x0000000780b00000)
  to   space 18944K, 0% used [0x0000000780b00000,0x0000000780b00000,0x0000000781d80000)
 ParOldGen       total 242688K, used 39186K [0x00000006c0000000, 0x00000006ced00000, 0x000000076ab00000)
  object space 242688K, 16% used [0x00000006c0000000,0x00000006c2644838,0x00000006ced00000)
 Metaspace       used 76973K, capacity 80472K, committed 80792K, reserved 1120256K
  class space    used 9739K, capacity 10327K, committed 10416K, reserved 1048576K
}

