# JRE version: Java(TM) SE Runtime Environment (8.0_221-b11) (build 1.8.0_221-b11)
# Java VM: Java HotSpot(TM) 64-Bit Server VM (25.221-b11 mixed mode bsd-amd64 compressed oops)
Heap:
 PSYoungGen      total 273920K, used 3805K [0x000000076ab00000, 0x000000077e900000, 0x00000007c0000000)
  eden space 256000K, 1% used [0x000000076ab00000,0x000000076aeb7540,0x000000077a500000)
  from space 17920K, 0% used [0x000000077b980000,0x000000077b980000,0x000000077cb00000)
  to   space 30720K, 0% used [0x000000077cb00000,0x000000077cb00000,0x000000077e900000)
 ParOldGen       total 253440K, used 43720K [0x00000006c0000000, 0x00000006cf780000, 0x000000076ab00000)
  object space 253440K, 17% used [0x00000006c0000000,0x00000006c2ab22e8,0x00000006cf780000)
 Metaspace       used 87182K, capacity 90886K, committed 91096K, reserved 1128448K
  class space    used 11075K, capacity 11693K, committed 11776K, reserved 1048576K
GC Heap History (10 events):
Event: 927.827 GC heap before
{Heap before GC invocations=17 (full 3):
 PSYoungGen      total 307200K, used 300056K [0x000000076ab00000, 0x0000000781900000, 0x00000007c0000000)
  eden space 278016K, 100% used [0x000000076ab00000,0x000000077ba80000,0x000000077ba80000)
  from space 29184K, 75% used [0x000000077ba80000,0x000000077d006358,0x000000077d700000)
  to   space 30720K, 0% used [0x000000077fb00000,0x000000077fb00000,0x0000000781900000)
 ParOldGen       total 253440K, used 38091K [0x00000006c0000000, 0x00000006cf780000, 0x000000076ab00000)
  object space 253440K, 15% used [0x00000006c0000000,0x00000006c2532fc0,0x00000006cf780000)
 Metaspace       used 86590K, capacity 90230K, committed 90584K, reserved 1128448K
  class space    used 11054K, capacity 11651K, committed 11776K, reserved 1048576K
Event: 927.860 GC heap after
Heap after GC invocations=17 (full 3):
 PSYoungGen      total 293376K, used 22558K [0x000000076ab00000, 0x0000000781180000, 0x00000007c0000000)
  eden space 270336K, 0% used [0x000000076ab00000,0x000000076ab00000,0x000000077b300000)
  from space 23040K, 97% used [0x000000077fb00000,0x0000000781107958,0x0000000781180000)
  to   space 32256K, 0% used [0x000000077d280000,0x000000077d280000,0x000000077f200000)
 ParOldGen       total 253440K, used 38163K [0x00000006c0000000, 0x00000006cf780000, 0x000000076ab00000)
  object space 253440K, 15% used [0x00000006c0000000,0x00000006c2544fd0,0x00000006cf780000)
 Metaspace       used 86590K, capacity 90230K, committed 90584K, reserved 1128448K
  class space    used 11054K, capacity 11651K, committed 11776K, reserved 1048576K
}
Event: 1356.024 GC heap before
{Heap before GC invocations=18 (full 3):
 PSYoungGen      total 293376K, used 292894K [0x000000076ab00000, 0x0000000781180000, 0x00000007c0000000)
  eden space 270336K, 100% used [0x000000076ab00000,0x000000077b300000,0x000000077b300000)
  from space 23040K, 97% used [0x000000077fb00000,0x0000000781107958,0x0000000781180000)
  to   space 32256K, 0% used [0x000000077d280000,0x000000077d280000,0x000000077f200000)
 ParOldGen       total 253440K, used 38163K [0x00000006c0000000, 0x00000006cf780000, 0x000000076ab00000)
  object space 253440K, 15% used [0x00000006c0000000,0x00000006c2544fd0,0x00000006cf780000)
 Metaspace       used 87157K, capacity 90848K, committed 91096K, reserved 1128448K
  class space    used 11070K, capacity 11666K, committed 11776K, reserved 1048576K
Event: 1356.081 GC heap after
Heap after GC invocations=18 (full 3):
 PSYoungGen      total 285696K, used 22509K [0x000000076ab00000, 0x000000077fb80000, 0x00000007c0000000)
  eden space 263168K, 0% used [0x000000076ab00000,0x000000076ab00000,0x000000077ac00000)
  from space 22528K, 99% used [0x000000077d280000,0x000000077e87b780,0x000000077e880000)
  to   space 19456K, 0% used [0x000000077e880000,0x000000077e880000,0x000000077fb80000)
 ParOldGen       total 253440K, used 38191K [0x00000006c0000000, 0x00000006cf780000, 0x000000076ab00000)
  object space 253440K, 15% used [0x00000006c0000000,0x00000006c254bc00,0x00000006cf780000)
 Metaspace       used 87157K, capacity 90848K, committed 91096K, reserved 1128448K
  class space    used 11070K, capacity 11666K, committed 11776K, reserved 1048576K
}
Event: 1847.890 GC heap before
{Heap before GC invocations=19 (full 3):
 PSYoungGen      total 285696K, used 285677K [0x000000076ab00000, 0x000000077fb80000, 0x00000007c0000000)
  eden space 263168K, 100% used [0x000000076ab00000,0x000000077ac00000,0x000000077ac00000)
  from space 22528K, 99% used [0x000000077d280000,0x000000077e87b780,0x000000077e880000)
  to   space 19456K, 0% used [0x000000077e880000,0x000000077e880000,0x000000077fb80000)
 ParOldGen       total 253440K, used 38191K [0x00000006c0000000, 0x00000006cf780000, 0x000000076ab00000)
  object space 253440K, 15% used [0x00000006c0000000,0x00000006c254bc00,0x00000006cf780000)
 Metaspace       used 87167K, capacity 90854K, committed 91096K, reserved 1128448K
  class space    used 11072K, capacity 11667K, committed 11776K, reserved 1048576K
Event: 1847.954 GC heap after
Heap after GC invocations=19 (full 3):
 PSYoungGen      total 275456K, used 19445K [0x000000076ab00000, 0x000000077fb80000, 0x00000007c0000000)
  eden space 256000K, 0% used [0x000000076ab00000,0x000000076ab00000,0x000000077a500000)
  from space 19456K, 99% used [0x000000077e880000,0x000000077fb7d750,0x000000077fb80000)
  to   space 33792K, 0% used [0x000000077b980000,0x000000077b980000,0x000000077da80000)
 ParOldGen       total 253440K, used 41112K [0x00000006c0000000, 0x00000006cf780000, 0x000000076ab00000)
  object space 253440K, 16% used [0x00000006c0000000,0x00000006c2826090,0x00000006cf780000)
 Metaspace       used 87167K, capacity 90854K, committed 91096K, reserved 1128448K
  class space    used 11072K, capacity 11667K, committed 11776K, reserved 1048576K
}
Event: 2056.297 GC heap before
{Heap before GC invocations=20 (full 3):
 PSYoungGen      total 275456K, used 139729K [0x000000076ab00000, 0x000000077fb80000, 0x00000007c0000000)
  eden space 256000K, 46% used [0x000000076ab00000,0x0000000772076dd0,0x000000077a500000)
  from space 19456K, 99% used [0x000000077e880000,0x000000077fb7d750,0x000000077fb80000)
  to   space 33792K, 0% used [0x000000077b980000,0x000000077b980000,0x000000077da80000)
 ParOldGen       total 253440K, used 41112K [0x00000006c0000000, 0x00000006cf780000, 0x000000076ab00000)
  object space 253440K, 16% used [0x00000006c0000000,0x00000006c2826090,0x00000006cf780000)
 Metaspace       used 87242K, capacity 90980K, committed 91096K, reserved 1128448K
  class space    used 11085K, capacity 11681K, committed 11776K, reserved 1048576K
Event: 2056.325 GC heap after
Heap after GC invocations=20 (full 3):
 PSYoungGen      total 273920K, used 17621K [0x000000076ab00000, 0x000000077e900000, 0x00000007c0000000)
  eden space 256000K, 0% used [0x000000076ab00000,0x000000076ab00000,0x000000077a500000)
  from space 17920K, 98% used [0x000000077b980000,0x000000077cab5650,0x000000077cb00000)
  to   space 30720K, 0% used [0x000000077cb00000,0x000000077cb00000,0x000000077e900000)
 ParOldGen       total 253440K, used 41120K [0x00000006c0000000, 0x00000006cf780000, 0x000000076ab00000)
  object space 253440K, 16% used [0x00000006c0000000,0x00000006c2828090,0x00000006cf780000)
 Metaspace       used 87242K, capacity 90980K, committed 91096K, reserved 1128448K
  class space    used 11085K, capacity 11681K, committed 11776K, reserved 1048576K
}
Event: 2056.325 GC heap before
{Heap before GC invocations=21 (full 4):
 PSYoungGen      total 273920K, used 17621K [0x000000076ab00000, 0x000000077e900000, 0x00000007c0000000)
  eden space 256000K, 0% used [0x000000076ab00000,0x000000076ab00000,0x000000077a500000)
  from space 17920K, 98% used [0x000000077b980000,0x000000077cab5650,0x000000077cb00000)
  to   space 30720K, 0% used [0x000000077cb00000,0x000000077cb00000,0x000000077e900000)
 ParOldGen       total 253440K, used 41120K [0x00000006c0000000, 0x00000006cf780000, 0x000000076ab00000)
  object space 253440K, 16% used [0x00000006c0000000,0x00000006c2828090,0x00000006cf780000)
 Metaspace       used 87242K, capacity 90980K, committed 91096K, reserved 1128448K
  class space    used 11085K, capacity 11681K, committed 11776K, reserved 1048576K
Event: 2056.694 GC heap after
Heap after GC invocations=21 (full 4):
 PSYoungGen      total 273920K, used 0K [0x000000076ab00000, 0x000000077e900000, 0x00000007c0000000)
  eden space 256000K, 0% used [0x000000076ab00000,0x000000076ab00000,0x000000077a500000)
  from space 17920K, 0% used [0x000000077b980000,0x000000077b980000,0x000000077cb00000)
  to   space 30720K, 0% used [0x000000077cb00000,0x000000077cb00000,0x000000077e900000)
 ParOldGen       total 253440K, used 43720K [0x00000006c0000000, 0x00000006cf780000, 0x000000076ab00000)
  object space 253440K, 17% used [0x00000006c0000000,0x00000006c2ab22e8,0x00000006cf780000)
 Metaspace       used 87177K, capacity 90848K, committed 91096K, reserved 1128448K
  class space    used 11073K, capacity 11659K, committed 11776K, reserved 1048576K
}

