# JRE version: Java(TM) SE Runtime Environment (8.0_221-b11) (build 1.8.0_221-b11)
# Java VM: Java HotSpot(TM) 64-Bit Server VM (25.221-b11 mixed mode bsd-amd64 compressed oops)
Heap:
 PSYoungGen      total 779264K, used 249249K [0x000000076ab00000, 0x000000079be00000, 0x00000007c0000000)
  eden space 755712K, 32% used [0x000000076ab00000,0x0000000779e684d8,0x0000000798d00000)
  from space 23552K, 0% used [0x000000079a700000,0x000000079a700000,0x000000079be00000)
  to   space 25088K, 0% used [0x0000000798d00000,0x0000000798d00000,0x000000079a580000)
 ParOldGen       total 728576K, used 54337K [0x00000006c0000000, 0x00000006ec780000, 0x000000076ab00000)
  object space 728576K, 7% used [0x00000006c0000000,0x00000006c35106a8,0x00000006ec780000)
 Metaspace       used 96315K, capacity 100160K, committed 101144K, reserved 1138688K
  class space    used 11767K, capacity 12426K, committed 12592K, reserved 1048576K
GC Heap History (10 events):
Event: 40186.151 GC heap before
{Heap before GC invocations=122 (full 5):
 PSYoungGen      total 785408K, used 756460K [0x000000076ab00000, 0x000000079cc00000, 0x00000007c0000000)
  eden space 754688K, 100% used [0x000000076ab00000,0x0000000798c00000,0x0000000798c00000)
  from space 30720K, 5% used [0x000000079ae00000,0x000000079afbb140,0x000000079cc00000)
  to   space 32768K, 0% used [0x0000000798c00000,0x0000000798c00000,0x000000079ac00000)
 ParOldGen       total 728576K, used 630212K [0x00000006c0000000, 0x00000006ec780000, 0x000000076ab00000)
  object space 728576K, 86% used [0x00000006c0000000,0x00000006e6771118,0x00000006ec780000)
 Metaspace       used 96130K, capacity 99908K, committed 100888K, reserved 1138688K
  class space    used 11755K, capacity 12370K, committed 12592K, reserved 1048576K
Event: 40186.158 GC heap after
Heap after GC invocations=122 (full 5):
 PSYoungGen      total 756224K, used 1359K [0x000000076ab00000, 0x000000079c880000, 0x00000007c0000000)
  eden space 754688K, 0% used [0x000000076ab00000,0x000000076ab00000,0x0000000798c00000)
  from space 1536K, 88% used [0x0000000798c00000,0x0000000798d53de0,0x0000000798d80000)
  to   space 30720K, 0% used [0x000000079aa80000,0x000000079aa80000,0x000000079c880000)
 ParOldGen       total 728576K, used 630212K [0x00000006c0000000, 0x00000006ec780000, 0x000000076ab00000)
  object space 728576K, 86% used [0x00000006c0000000,0x00000006e6771118,0x00000006ec780000)
 Metaspace       used 96130K, capacity 99908K, committed 100888K, reserved 1138688K
  class space    used 11755K, capacity 12370K, committed 12592K, reserved 1048576K
}
Event: 41075.512 GC heap before
{Heap before GC invocations=123 (full 5):
 PSYoungGen      total 756224K, used 756047K [0x000000076ab00000, 0x000000079c880000, 0x00000007c0000000)
  eden space 754688K, 100% used [0x000000076ab00000,0x0000000798c00000,0x0000000798c00000)
  from space 1536K, 88% used [0x0000000798c00000,0x0000000798d53de0,0x0000000798d80000)
  to   space 30720K, 0% used [0x000000079aa80000,0x000000079aa80000,0x000000079c880000)
 ParOldGen       total 728576K, used 630212K [0x00000006c0000000, 0x00000006ec780000, 0x000000076ab00000)
  object space 728576K, 86% used [0x00000006c0000000,0x00000006e6771118,0x00000006ec780000)
 Metaspace       used 96133K, capacity 99908K, committed 100888K, reserved 1138688K
  class space    used 11755K, capacity 12370K, committed 12592K, reserved 1048576K
Event: 41075.520 GC heap after
Heap after GC invocations=123 (full 5):
 PSYoungGen      total 781824K, used 1855K [0x000000076ab00000, 0x000000079c480000, 0x00000007c0000000)
  eden space 755200K, 0% used [0x000000076ab00000,0x000000076ab00000,0x0000000798c80000)
  from space 26624K, 6% used [0x000000079aa80000,0x000000079ac4fe70,0x000000079c480000)
  to   space 28672K, 0% used [0x0000000798c80000,0x0000000798c80000,0x000000079a880000)
 ParOldGen       total 728576K, used 630220K [0x00000006c0000000, 0x00000006ec780000, 0x000000076ab00000)
  object space 728576K, 86% used [0x00000006c0000000,0x00000006e6773118,0x00000006ec780000)
 Metaspace       used 96133K, capacity 99908K, committed 100888K, reserved 1138688K
  class space    used 11755K, capacity 12370K, committed 12592K, reserved 1048576K
}
Event: 41995.059 GC heap before
{Heap before GC invocations=124 (full 5):
 PSYoungGen      total 781824K, used 757055K [0x000000076ab00000, 0x000000079c480000, 0x00000007c0000000)
  eden space 755200K, 100% used [0x000000076ab00000,0x0000000798c80000,0x0000000798c80000)
  from space 26624K, 6% used [0x000000079aa80000,0x000000079ac4fe70,0x000000079c480000)
  to   space 28672K, 0% used [0x0000000798c80000,0x0000000798c80000,0x000000079a880000)
 ParOldGen       total 728576K, used 630220K [0x00000006c0000000, 0x00000006ec780000, 0x000000076ab00000)
  object space 728576K, 86% used [0x00000006c0000000,0x00000006e6773118,0x00000006ec780000)
 Metaspace       used 96133K, capacity 99908K, committed 100888K, reserved 1138688K
  class space    used 11755K, capacity 12370K, committed 12592K, reserved 1048576K
Event: 41995.066 GC heap after
Heap after GC invocations=124 (full 5):
 PSYoungGen      total 756736K, used 1422K [0x000000076ab00000, 0x000000079c100000, 0x00000007c0000000)
  eden space 755200K, 0% used [0x000000076ab00000,0x000000076ab00000,0x0000000798c80000)
  from space 1536K, 92% used [0x0000000798c80000,0x0000000798de3980,0x0000000798e00000)
  to   space 26624K, 0% used [0x000000079a700000,0x000000079a700000,0x000000079c100000)
 ParOldGen       total 728576K, used 630220K [0x00000006c0000000, 0x00000006ec780000, 0x000000076ab00000)
  object space 728576K, 86% used [0x00000006c0000000,0x00000006e6773118,0x00000006ec780000)
 Metaspace       used 96133K, capacity 99908K, committed 100888K, reserved 1138688K
  class space    used 11755K, capacity 12370K, committed 12592K, reserved 1048576K
}
Event: 42215.985 GC heap before
{Heap before GC invocations=125 (full 5):
 PSYoungGen      total 756736K, used 236046K [0x000000076ab00000, 0x000000079c100000, 0x00000007c0000000)
  eden space 755200K, 31% used [0x000000076ab00000,0x000000077901ff80,0x0000000798c80000)
  from space 1536K, 92% used [0x0000000798c80000,0x0000000798de3980,0x0000000798e00000)
  to   space 26624K, 0% used [0x000000079a700000,0x000000079a700000,0x000000079c100000)
 ParOldGen       total 728576K, used 630220K [0x00000006c0000000, 0x00000006ec780000, 0x000000076ab00000)
  object space 728576K, 86% used [0x00000006c0000000,0x00000006e6773118,0x00000006ec780000)
 Metaspace       used 96199K, capacity 100000K, committed 100888K, reserved 1138688K
  class space    used 11769K, capacity 12417K, committed 12592K, reserved 1048576K
Event: 42216.044 GC heap after
Heap after GC invocations=125 (full 5):
 PSYoungGen      total 779264K, used 1126K [0x000000076ab00000, 0x000000079be00000, 0x00000007c0000000)
  eden space 755712K, 0% used [0x000000076ab00000,0x000000076ab00000,0x0000000798d00000)
  from space 23552K, 4% used [0x000000079a700000,0x000000079a819ae0,0x000000079be00000)
  to   space 25088K, 0% used [0x0000000798d00000,0x0000000798d00000,0x000000079a580000)
 ParOldGen       total 728576K, used 630244K [0x00000006c0000000, 0x00000006ec780000, 0x000000076ab00000)
  object space 728576K, 86% used [0x00000006c0000000,0x00000006e6779118,0x00000006ec780000)
 Metaspace       used 96199K, capacity 100000K, committed 100888K, reserved 1138688K
  class space    used 11769K, capacity 12417K, committed 12592K, reserved 1048576K
}
Event: 42216.044 GC heap before
{Heap before GC invocations=126 (full 6):
 PSYoungGen      total 779264K, used 1126K [0x000000076ab00000, 0x000000079be00000, 0x00000007c0000000)
  eden space 755712K, 0% used [0x000000076ab00000,0x000000076ab00000,0x0000000798d00000)
  from space 23552K, 4% used [0x000000079a700000,0x000000079a819ae0,0x000000079be00000)
  to   space 25088K, 0% used [0x0000000798d00000,0x0000000798d00000,0x000000079a580000)
 ParOldGen       total 728576K, used 630244K [0x00000006c0000000, 0x00000006ec780000, 0x000000076ab00000)
  object space 728576K, 86% used [0x00000006c0000000,0x00000006e6779118,0x00000006ec780000)
 Metaspace       used 96199K, capacity 100000K, committed 100888K, reserved 1138688K
  class space    used 11769K, capacity 12417K, committed 12592K, reserved 1048576K
Event: 42216.787 GC heap after
Heap after GC invocations=126 (full 6):
 PSYoungGen      total 779264K, used 0K [0x000000076ab00000, 0x000000079be00000, 0x00000007c0000000)
  eden space 755712K, 0% used [0x000000076ab00000,0x000000076ab00000,0x0000000798d00000)
  from space 23552K, 0% used [0x000000079a700000,0x000000079a700000,0x000000079be00000)
  to   space 25088K, 0% used [0x0000000798d00000,0x0000000798d00000,0x000000079a580000)
 ParOldGen       total 728576K, used 54337K [0x00000006c0000000, 0x00000006ec780000, 0x000000076ab00000)
  object space 728576K, 7% used [0x00000006c0000000,0x00000006c35106a8,0x00000006ec780000)
 Metaspace       used 95965K, capacity 99646K, committed 100888K, reserved 1138688K
  class space    used 11736K, capacity 12358K, committed 12592K, reserved 1048576K
}

