# JRE version: Java(TM) SE Runtime Environment (8.0_221-b11) (build 1.8.0_221-b11)
# Java VM: Java HotSpot(TM) 64-Bit Server VM (25.221-b11 mixed mode bsd-amd64 compressed oops)
Heap:
 PSYoungGen      total 607744K, used 17487K [0x000000076ab00000, 0x0000000794900000, 0x00000007c0000000)
  eden space 607232K, 2% used [0x000000076ab00000,0x000000076bc13c90,0x000000078fc00000)
  from space 512K, 0% used [0x0000000790380000,0x0000000790380000,0x0000000790400000)
  to   space 39424K, 0% used [0x0000000792280000,0x0000000792280000,0x0000000794900000)
 ParOldGen       total 210432K, used 50441K [0x00000006c0000000, 0x00000006ccd80000, 0x000000076ab00000)
  object space 210432K, 23% used [0x00000006c0000000,0x00000006c31426a0,0x00000006ccd80000)
 Metaspace       used 84076K, capacity 87810K, committed 88216K, reserved 1126400K
  class space    used 10673K, capacity 11309K, committed 11440K, reserved 1048576K
GC Heap History (10 events):
Event: 11.062 GC heap before
{Heap before GC invocations=11 (full 3):
 PSYoungGen      total 539136K, used 17836K [0x000000076ab00000, 0x000000078d400000, 0x00000007c0000000)
  eden space 514048K, 0% used [0x000000076ab00000,0x000000076ab00000,0x000000078a100000)
  from space 25088K, 71% used [0x000000078ba00000,0x000000078cb6b2f8,0x000000078d280000)
  to   space 25600K, 0% used [0x000000078a100000,0x000000078a100000,0x000000078ba00000)
 ParOldGen       total 146944K, used 26716K [0x00000006c0000000, 0x00000006c8f80000, 0x000000076ab00000)
  object space 146944K, 18% used [0x00000006c0000000,0x00000006c1a172d8,0x00000006c8f80000)
 Metaspace       used 56914K, capacity 58882K, committed 59160K, reserved 1101824K
  class space    used 7248K, capacity 7641K, committed 7728K, reserved 1048576K
Event: 11.326 GC heap after
Heap after GC invocations=11 (full 3):
 PSYoungGen      total 539136K, used 0K [0x000000076ab00000, 0x000000078d400000, 0x00000007c0000000)
  eden space 514048K, 0% used [0x000000076ab00000,0x000000076ab00000,0x000000078a100000)
  from space 25088K, 0% used [0x000000078ba00000,0x000000078ba00000,0x000000078d280000)
  to   space 25600K, 0% used [0x000000078a100000,0x000000078a100000,0x000000078ba00000)
 ParOldGen       total 210432K, used 31891K [0x00000006c0000000, 0x00000006ccd80000, 0x000000076ab00000)
  object space 210432K, 15% used [0x00000006c0000000,0x00000006c1f24c58,0x00000006ccd80000)
 Metaspace       used 56914K, capacity 58882K, committed 59160K, reserved 1101824K
  class space    used 7248K, capacity 7641K, committed 7728K, reserved 1048576K
}
Event: 54.218 GC heap before
{Heap before GC invocations=12 (full 3):
 PSYoungGen      total 539136K, used 514048K [0x000000076ab00000, 0x000000078d400000, 0x00000007c0000000)
  eden space 514048K, 100% used [0x000000076ab00000,0x000000078a100000,0x000000078a100000)
  from space 25088K, 0% used [0x000000078ba00000,0x000000078ba00000,0x000000078d280000)
  to   space 25600K, 0% used [0x000000078a100000,0x000000078a100000,0x000000078ba00000)
 ParOldGen       total 210432K, used 31891K [0x00000006c0000000, 0x00000006ccd80000, 0x000000076ab00000)
  object space 210432K, 15% used [0x00000006c0000000,0x00000006c1f24c58,0x00000006ccd80000)
 Metaspace       used 75746K, capacity 79244K, committed 79384K, reserved 1118208K
  class space    used 9598K, capacity 10180K, committed 10288K, reserved 1048576K
Event: 54.351 GC heap after
Heap after GC invocations=12 (full 3):
 PSYoungGen      total 539648K, used 25571K [0x000000076ab00000, 0x0000000794e80000, 0x00000007c0000000)
  eden space 514048K, 0% used [0x000000076ab00000,0x000000076ab00000,0x000000078a100000)
  from space 25600K, 99% used [0x000000078a100000,0x000000078b9f8cc0,0x000000078ba00000)
  to   space 32768K, 0% used [0x0000000792e80000,0x0000000792e80000,0x0000000794e80000)
 ParOldGen       total 210432K, used 40624K [0x00000006c0000000, 0x00000006ccd80000, 0x000000076ab00000)
  object space 210432K, 19% used [0x00000006c0000000,0x00000006c27ac0f8,0x00000006ccd80000)
 Metaspace       used 75746K, capacity 79244K, committed 79384K, reserved 1118208K
  class space    used 9598K, capacity 10180K, committed 10288K, reserved 1048576K
}
Event: 533.460 GC heap before
{Heap before GC invocations=13 (full 3):
 PSYoungGen      total 539648K, used 539619K [0x000000076ab00000, 0x0000000794e80000, 0x00000007c0000000)
  eden space 514048K, 100% used [0x000000076ab00000,0x000000078a100000,0x000000078a100000)
  from space 25600K, 99% used [0x000000078a100000,0x000000078b9f8cc0,0x000000078ba00000)
  to   space 32768K, 0% used [0x0000000792e80000,0x0000000792e80000,0x0000000794e80000)
 ParOldGen       total 210432K, used 40624K [0x00000006c0000000, 0x00000006ccd80000, 0x000000076ab00000)
  object space 210432K, 19% used [0x00000006c0000000,0x00000006c27ac0f8,0x00000006ccd80000)
 Metaspace       used 84090K, capacity 87904K, committed 88216K, reserved 1126400K
  class space    used 10673K, capacity 11320K, committed 11440K, reserved 1048576K
Event: 533.633 GC heap after
Heap after GC invocations=13 (full 3):
 PSYoungGen      total 640000K, used 32748K [0x000000076ab00000, 0x0000000794e80000, 0x00000007c0000000)
  eden space 607232K, 0% used [0x000000076ab00000,0x000000076ab00000,0x000000078fc00000)
  from space 32768K, 99% used [0x0000000792e80000,0x0000000794e7b180,0x0000000794e80000)
  to   space 38400K, 0% used [0x0000000790380000,0x0000000790380000,0x0000000792900000)
 ParOldGen       total 210432K, used 43950K [0x00000006c0000000, 0x00000006ccd80000, 0x000000076ab00000)
  object space 210432K, 20% used [0x00000006c0000000,0x00000006c2aebb08,0x00000006ccd80000)
 Metaspace       used 84090K, capacity 87904K, committed 88216K, reserved 1126400K
  class space    used 10673K, capacity 11320K, committed 11440K, reserved 1048576K
}
Event: 1229.409 GC heap before
{Heap before GC invocations=14 (full 3):
 PSYoungGen      total 640000K, used 497849K [0x000000076ab00000, 0x0000000794e80000, 0x00000007c0000000)
  eden space 607232K, 76% used [0x000000076ab00000,0x0000000787133488,0x000000078fc00000)
  from space 32768K, 99% used [0x0000000792e80000,0x0000000794e7b180,0x0000000794e80000)
  to   space 38400K, 0% used [0x0000000790380000,0x0000000790380000,0x0000000792900000)
 ParOldGen       total 210432K, used 43950K [0x00000006c0000000, 0x00000006ccd80000, 0x000000076ab00000)
  object space 210432K, 20% used [0x00000006c0000000,0x00000006c2aebb08,0x00000006ccd80000)
 Metaspace       used 84166K, capacity 87966K, committed 88216K, reserved 1126400K
  class space    used 10686K, capacity 11334K, committed 11440K, reserved 1048576K
Event: 1229.582 GC heap after
Heap after GC invocations=14 (full 3):
 PSYoungGen      total 607744K, used 288K [0x000000076ab00000, 0x0000000794900000, 0x00000007c0000000)
  eden space 607232K, 0% used [0x000000076ab00000,0x000000076ab00000,0x000000078fc00000)
  from space 512K, 56% used [0x0000000790380000,0x00000007903c8000,0x0000000790400000)
  to   space 39424K, 0% used [0x0000000792280000,0x0000000792280000,0x0000000794900000)
 ParOldGen       total 210432K, used 72003K [0x00000006c0000000, 0x00000006ccd80000, 0x000000076ab00000)
  object space 210432K, 34% used [0x00000006c0000000,0x00000006c4650f90,0x00000006ccd80000)
 Metaspace       used 84166K, capacity 87966K, committed 88216K, reserved 1126400K
  class space    used 10686K, capacity 11334K, committed 11440K, reserved 1048576K
}
Event: 1229.582 GC heap before
{Heap before GC invocations=15 (full 4):
 PSYoungGen      total 607744K, used 288K [0x000000076ab00000, 0x0000000794900000, 0x00000007c0000000)
  eden space 607232K, 0% used [0x000000076ab00000,0x000000076ab00000,0x000000078fc00000)
  from space 512K, 56% used [0x0000000790380000,0x00000007903c8000,0x0000000790400000)
  to   space 39424K, 0% used [0x0000000792280000,0x0000000792280000,0x0000000794900000)
 ParOldGen       total 210432K, used 72003K [0x00000006c0000000, 0x00000006ccd80000, 0x000000076ab00000)
  object space 210432K, 34% used [0x00000006c0000000,0x00000006c4650f90,0x00000006ccd80000)
 Metaspace       used 84166K, capacity 87966K, committed 88216K, reserved 1126400K
  class space    used 10686K, capacity 11334K, committed 11440K, reserved 1048576K
Event: 1230.665 GC heap after
Heap after GC invocations=15 (full 4):
 PSYoungGen      total 607744K, used 0K [0x000000076ab00000, 0x0000000794900000, 0x00000007c0000000)
  eden space 607232K, 0% used [0x000000076ab00000,0x000000076ab00000,0x000000078fc00000)
  from space 512K, 0% used [0x0000000790380000,0x0000000790380000,0x0000000790400000)
  to   space 39424K, 0% used [0x0000000792280000,0x0000000792280000,0x0000000794900000)
 ParOldGen       total 210432K, used 50441K [0x00000006c0000000, 0x00000006ccd80000, 0x000000076ab00000)
  object space 210432K, 23% used [0x00000006c0000000,0x00000006c31426a0,0x00000006ccd80000)
 Metaspace       used 84072K, capacity 87804K, committed 88216K, reserved 1126400K
  class space    used 10671K, capacity 11307K, committed 11440K, reserved 1048576K
}

