# JRE version: Java(TM) SE Runtime Environment (8.0_221-b11) (build 1.8.0_221-b11)
# Java VM: Java HotSpot(TM) 64-Bit Server VM (25.221-b11 mixed mode bsd-amd64 compressed oops)
Heap:
 PSYoungGen      total 304640K, used 9800K [0x000000076ab00000, 0x0000000781000000, 0x00000007c0000000)
  eden space 295936K, 3% used [0x000000076ab00000,0x000000076b4920e8,0x000000077cc00000)
  from space 8704K, 0% used [0x000000077cc00000,0x000000077cc00000,0x000000077d480000)
  to   space 34816K, 0% used [0x000000077ee00000,0x000000077ee00000,0x0000000781000000)
 ParOldGen       total 242688K, used 54622K [0x00000006c0000000, 0x00000006ced00000, 0x000000076ab00000)
  object space 242688K, 22% used [0x00000006c0000000,0x00000006c35578b8,0x00000006ced00000)
 Metaspace       used 87862K, capacity 91556K, committed 92328K, reserved 1130496K
  class space    used 10874K, capacity 11504K, committed 11696K, reserved 1048576K
GC Heap History (10 events):
Event: 92.433 GC heap before
{Heap before GC invocations=15 (full 3):
 PSYoungGen      total 314368K, used 314336K [0x000000076ab00000, 0x0000000782000000, 0x00000007c0000000)
  eden space 291328K, 100% used [0x000000076ab00000,0x000000077c780000,0x000000077c780000)
  from space 23040K, 99% used [0x000000077c780000,0x000000077ddf8040,0x000000077de00000)
  to   space 29696K, 0% used [0x0000000780300000,0x0000000780300000,0x0000000782000000)
 ParOldGen       total 242688K, used 53269K [0x00000006c0000000, 0x00000006ced00000, 0x000000076ab00000)
  object space 242688K, 21% used [0x00000006c0000000,0x00000006c3405558,0x00000006ced00000)
 Metaspace       used 87950K, capacity 91762K, committed 91944K, reserved 1130496K
  class space    used 10896K, capacity 11555K, committed 11568K, reserved 1048576K
Event: 92.464 GC heap after
Heap after GC invocations=15 (full 3):
 PSYoungGen      total 344576K, used 29664K [0x000000076ab00000, 0x0000000783380000, 0x00000007c0000000)
  eden space 314880K, 0% used [0x000000076ab00000,0x000000076ab00000,0x000000077de80000)
  from space 29696K, 99% used [0x0000000780300000,0x0000000781ff8120,0x0000000782000000)
  to   space 37376K, 0% used [0x000000077de80000,0x000000077de80000,0x0000000780300000)
 ParOldGen       total 242688K, used 62706K [0x00000006c0000000, 0x00000006ced00000, 0x000000076ab00000)
  object space 242688K, 25% used [0x00000006c0000000,0x00000006c3d3c9c8,0x00000006ced00000)
 Metaspace       used 87950K, capacity 91762K, committed 91944K, reserved 1130496K
  class space    used 10896K, capacity 11555K, committed 11568K, reserved 1048576K
}
Event: 442.078 GC heap before
{Heap before GC invocations=16 (full 3):
 PSYoungGen      total 344576K, used 344544K [0x000000076ab00000, 0x0000000783380000, 0x00000007c0000000)
  eden space 314880K, 100% used [0x000000076ab00000,0x000000077de80000,0x000000077de80000)
  from space 29696K, 99% used [0x0000000780300000,0x0000000781ff8120,0x0000000782000000)
  to   space 37376K, 0% used [0x000000077de80000,0x000000077de80000,0x0000000780300000)
 ParOldGen       total 242688K, used 62706K [0x00000006c0000000, 0x00000006ced00000, 0x000000076ab00000)
  object space 242688K, 25% used [0x00000006c0000000,0x00000006c3d3c9c8,0x00000006ced00000)
 Metaspace       used 88008K, capacity 91826K, committed 91944K, reserved 1130496K
  class space    used 10896K, capacity 11555K, committed 11568K, reserved 1048576K
Event: 442.096 GC heap after
Heap after GC invocations=16 (full 3):
 PSYoungGen      total 314880K, used 9632K [0x000000076ab00000, 0x0000000781c00000, 0x00000007c0000000)
  eden space 305152K, 0% used [0x000000076ab00000,0x000000076ab00000,0x000000077d500000)
  from space 9728K, 99% used [0x000000077de80000,0x000000077e7e8100,0x000000077e800000)
  to   space 36352K, 0% used [0x000000077f880000,0x000000077f880000,0x0000000781c00000)
 ParOldGen       total 242688K, used 82830K [0x00000006c0000000, 0x00000006ced00000, 0x000000076ab00000)
  object space 242688K, 34% used [0x00000006c0000000,0x00000006c50e38f8,0x00000006ced00000)
 Metaspace       used 88008K, capacity 91826K, committed 91944K, reserved 1130496K
  class space    used 10896K, capacity 11555K, committed 11568K, reserved 1048576K
}
Event: 794.216 GC heap before
{Heap before GC invocations=17 (full 3):
 PSYoungGen      total 314880K, used 314784K [0x000000076ab00000, 0x0000000781c00000, 0x00000007c0000000)
  eden space 305152K, 100% used [0x000000076ab00000,0x000000077d500000,0x000000077d500000)
  from space 9728K, 99% used [0x000000077de80000,0x000000077e7e8100,0x000000077e800000)
  to   space 36352K, 0% used [0x000000077f880000,0x000000077f880000,0x0000000781c00000)
 ParOldGen       total 242688K, used 82830K [0x00000006c0000000, 0x00000006ced00000, 0x000000076ab00000)
  object space 242688K, 34% used [0x00000006c0000000,0x00000006c50e38f8,0x00000006ced00000)
 Metaspace       used 88029K, capacity 91826K, committed 91944K, reserved 1130496K
  class space    used 10897K, capacity 11555K, committed 11568K, reserved 1048576K
Event: 794.260 GC heap after
Heap after GC invocations=17 (full 3):
 PSYoungGen      total 322048K, used 9720K [0x000000076ab00000, 0x0000000781200000, 0x00000007c0000000)
  eden space 295936K, 0% used [0x000000076ab00000,0x000000076ab00000,0x000000077cc00000)
  from space 26112K, 37% used [0x000000077f880000,0x00000007801fe0e0,0x0000000781200000)
  to   space 35840K, 0% used [0x000000077cc00000,0x000000077cc00000,0x000000077ef00000)
 ParOldGen       total 242688K, used 82838K [0x00000006c0000000, 0x00000006ced00000, 0x000000076ab00000)
  object space 242688K, 34% used [0x00000006c0000000,0x00000006c50e58f8,0x00000006ced00000)
 Metaspace       used 88029K, capacity 91826K, committed 91944K, reserved 1130496K
  class space    used 10897K, capacity 11555K, committed 11568K, reserved 1048576K
}
Event: 819.749 GC heap before
{Heap before GC invocations=18 (full 3):
 PSYoungGen      total 322048K, used 48357K [0x000000076ab00000, 0x0000000781200000, 0x00000007c0000000)
  eden space 295936K, 13% used [0x000000076ab00000,0x000000076d0bb350,0x000000077cc00000)
  from space 26112K, 37% used [0x000000077f880000,0x00000007801fe0e0,0x0000000781200000)
  to   space 35840K, 0% used [0x000000077cc00000,0x000000077cc00000,0x000000077ef00000)
 ParOldGen       total 242688K, used 82838K [0x00000006c0000000, 0x00000006ced00000, 0x000000076ab00000)
  object space 242688K, 34% used [0x00000006c0000000,0x00000006c50e58f8,0x00000006ced00000)
 Metaspace       used 88097K, capacity 91952K, committed 92328K, reserved 1130496K
  class space    used 10910K, capacity 11569K, committed 11696K, reserved 1048576K
Event: 819.757 GC heap after
Heap after GC invocations=18 (full 3):
 PSYoungGen      total 304640K, used 8656K [0x000000076ab00000, 0x0000000781000000, 0x00000007c0000000)
  eden space 295936K, 0% used [0x000000076ab00000,0x000000076ab00000,0x000000077cc00000)
  from space 8704K, 99% used [0x000000077cc00000,0x000000077d4740b0,0x000000077d480000)
  to   space 34816K, 0% used [0x000000077ee00000,0x000000077ee00000,0x0000000781000000)
 ParOldGen       total 242688K, used 82846K [0x00000006c0000000, 0x00000006ced00000, 0x000000076ab00000)
  object space 242688K, 34% used [0x00000006c0000000,0x00000006c50e78f8,0x00000006ced00000)
 Metaspace       used 88097K, capacity 91952K, committed 92328K, reserved 1130496K
  class space    used 10910K, capacity 11569K, committed 11696K, reserved 1048576K
}
Event: 819.757 GC heap before
{Heap before GC invocations=19 (full 4):
 PSYoungGen      total 304640K, used 8656K [0x000000076ab00000, 0x0000000781000000, 0x00000007c0000000)
  eden space 295936K, 0% used [0x000000076ab00000,0x000000076ab00000,0x000000077cc00000)
  from space 8704K, 99% used [0x000000077cc00000,0x000000077d4740b0,0x000000077d480000)
  to   space 34816K, 0% used [0x000000077ee00000,0x000000077ee00000,0x0000000781000000)
 ParOldGen       total 242688K, used 82846K [0x00000006c0000000, 0x00000006ced00000, 0x000000076ab00000)
  object space 242688K, 34% used [0x00000006c0000000,0x00000006c50e78f8,0x00000006ced00000)
 Metaspace       used 88097K, capacity 91952K, committed 92328K, reserved 1130496K
  class space    used 10910K, capacity 11569K, committed 11696K, reserved 1048576K
Event: 820.187 GC heap after
Heap after GC invocations=19 (full 4):
 PSYoungGen      total 304640K, used 0K [0x000000076ab00000, 0x0000000781000000, 0x00000007c0000000)
  eden space 295936K, 0% used [0x000000076ab00000,0x000000076ab00000,0x000000077cc00000)
  from space 8704K, 0% used [0x000000077cc00000,0x000000077cc00000,0x000000077d480000)
  to   space 34816K, 0% used [0x000000077ee00000,0x000000077ee00000,0x0000000781000000)
 ParOldGen       total 242688K, used 54622K [0x00000006c0000000, 0x00000006ced00000, 0x000000076ab00000)
  object space 242688K, 22% used [0x00000006c0000000,0x00000006c35578b8,0x00000006ced00000)
 Metaspace       used 87858K, capacity 91550K, committed 92328K, reserved 1130496K
  class space    used 10873K, capacity 11502K, committed 11696K, reserved 1048576K
}

