# JRE version: Java(TM) SE Runtime Environment (8.0_221-b11) (build 1.8.0_221-b11)
# Java VM: Java HotSpot(TM) 64-Bit Server VM (25.221-b11 mixed mode bsd-amd64 compressed oops)
Heap:
 PSYoungGen      total 456192K, used 241740K [0x000000076ab00000, 0x0000000788000000, 0x00000007c0000000)
  eden space 432128K, 55% used [0x000000076ab00000,0x0000000779713238,0x0000000785100000)
  from space 24064K, 0% used [0x0000000786880000,0x0000000786880000,0x0000000788000000)
  to   space 24064K, 0% used [0x0000000785100000,0x0000000785100000,0x0000000786880000)
 ParOldGen       total 221184K, used 39149K [0x00000006c0000000, 0x00000006cd800000, 0x000000076ab00000)
  object space 221184K, 17% used [0x00000006c0000000,0x00000006c263b728,0x00000006cd800000)
 Metaspace       used 76100K, capacity 79556K, committed 79896K, reserved 1118208K
  class space    used 9619K, capacity 10182K, committed 10288K, reserved 1048576K
GC Heap History (10 events):
Event: 11.532 GC heap before
{Heap before GC invocations=12 (full 3):
 PSYoungGen      total 282112K, used 13820K [0x000000076ab00000, 0x0000000782a80000, 0x00000007c0000000)
  eden space 268288K, 0% used [0x000000076ab00000,0x000000076ab00000,0x000000077b100000)
  from space 13824K, 99% used [0x000000077b100000,0x000000077be7f080,0x000000077be80000)
  to   space 21504K, 0% used [0x0000000781580000,0x0000000781580000,0x0000000782a80000)
 ParOldGen       total 146944K, used 32721K [0x00000006c0000000, 0x00000006c8f80000, 0x000000076ab00000)
  object space 146944K, 22% used [0x00000006c0000000,0x00000006c1ff4680,0x00000006c8f80000)
 Metaspace       used 56871K, capacity 58882K, committed 59160K, reserved 1101824K
  class space    used 7247K, capacity 7641K, committed 7728K, reserved 1048576K
Event: 11.834 GC heap after
Heap after GC invocations=12 (full 3):
 PSYoungGen      total 282112K, used 0K [0x000000076ab00000, 0x0000000782a80000, 0x00000007c0000000)
  eden space 268288K, 0% used [0x000000076ab00000,0x000000076ab00000,0x000000077b100000)
  from space 13824K, 0% used [0x000000077b100000,0x000000077b100000,0x000000077be80000)
  to   space 21504K, 0% used [0x0000000781580000,0x0000000781580000,0x0000000782a80000)
 ParOldGen       total 221184K, used 42803K [0x00000006c0000000, 0x00000006cd800000, 0x000000076ab00000)
  object space 221184K, 19% used [0x00000006c0000000,0x00000006c29cce78,0x00000006cd800000)
 Metaspace       used 56871K, capacity 58882K, committed 59160K, reserved 1101824K
  class space    used 7247K, capacity 7641K, committed 7728K, reserved 1048576K
}
Event: 15.438 GC heap before
{Heap before GC invocations=13 (full 3):
 PSYoungGen      total 282112K, used 268275K [0x000000076ab00000, 0x0000000782a80000, 0x00000007c0000000)
  eden space 268288K, 99% used [0x000000076ab00000,0x000000077b0fcea0,0x000000077b100000)
  from space 13824K, 0% used [0x000000077b100000,0x000000077b100000,0x000000077be80000)
  to   space 21504K, 0% used [0x0000000781580000,0x0000000781580000,0x0000000782a80000)
 ParOldGen       total 221184K, used 42803K [0x00000006c0000000, 0x00000006cd800000, 0x000000076ab00000)
  object space 221184K, 19% used [0x00000006c0000000,0x00000006c29cce78,0x00000006cd800000)
 Metaspace       used 69609K, capacity 72436K, committed 72600K, reserved 1112064K
  class space    used 8830K, capacity 9326K, committed 9392K, reserved 1048576K
Event: 15.571 GC heap after
Heap after GC invocations=13 (full 3):
 PSYoungGen      total 367616K, used 21476K [0x000000076ab00000, 0x0000000782e80000, 0x00000007c0000000)
  eden space 346112K, 0% used [0x000000076ab00000,0x000000076ab00000,0x000000077fd00000)
  from space 21504K, 99% used [0x0000000781580000,0x0000000782a79010,0x0000000782a80000)
  to   space 25088K, 0% used [0x000000077fd00000,0x000000077fd00000,0x0000000781580000)
 ParOldGen       total 221184K, used 45261K [0x00000006c0000000, 0x00000006cd800000, 0x000000076ab00000)
  object space 221184K, 20% used [0x00000006c0000000,0x00000006c2c33698,0x00000006cd800000)
 Metaspace       used 69609K, capacity 72436K, committed 72600K, reserved 1112064K
  class space    used 8830K, capacity 9326K, committed 9392K, reserved 1048576K
}
Event: 203.488 GC heap before
{Heap before GC invocations=14 (full 3):
 PSYoungGen      total 367616K, used 367588K [0x000000076ab00000, 0x0000000782e80000, 0x00000007c0000000)
  eden space 346112K, 100% used [0x000000076ab00000,0x000000077fd00000,0x000000077fd00000)
  from space 21504K, 99% used [0x0000000781580000,0x0000000782a79010,0x0000000782a80000)
  to   space 25088K, 0% used [0x000000077fd00000,0x000000077fd00000,0x0000000781580000)
 ParOldGen       total 221184K, used 45261K [0x00000006c0000000, 0x00000006cd800000, 0x000000076ab00000)
  object space 221184K, 20% used [0x00000006c0000000,0x00000006c2c33698,0x00000006cd800000)
 Metaspace       used 75793K, capacity 79248K, committed 79384K, reserved 1118208K
  class space    used 9596K, capacity 10180K, committed 10288K, reserved 1048576K
Event: 203.515 GC heap after
Heap after GC invocations=14 (full 3):
 PSYoungGen      total 371200K, used 11494K [0x000000076ab00000, 0x0000000788000000, 0x00000007c0000000)
  eden space 346112K, 0% used [0x000000076ab00000,0x000000076ab00000,0x000000077fd00000)
  from space 25088K, 45% used [0x000000077fd00000,0x00000007808398a8,0x0000000781580000)
  to   space 24064K, 0% used [0x0000000786880000,0x0000000786880000,0x0000000788000000)
 ParOldGen       total 221184K, used 60429K [0x00000006c0000000, 0x00000006cd800000, 0x000000076ab00000)
  object space 221184K, 27% used [0x00000006c0000000,0x00000006c3b03420,0x00000006cd800000)
 Metaspace       used 75793K, capacity 79248K, committed 79384K, reserved 1118208K
  class space    used 9596K, capacity 10180K, committed 10288K, reserved 1048576K
}
Event: 454.457 GC heap before
{Heap before GC invocations=15 (full 3):
 PSYoungGen      total 371200K, used 236575K [0x000000076ab00000, 0x0000000788000000, 0x00000007c0000000)
  eden space 346112K, 65% used [0x000000076ab00000,0x00000007786ce470,0x000000077fd00000)
  from space 25088K, 45% used [0x000000077fd00000,0x00000007808398a8,0x0000000781580000)
  to   space 24064K, 0% used [0x0000000786880000,0x0000000786880000,0x0000000788000000)
 ParOldGen       total 221184K, used 60429K [0x00000006c0000000, 0x00000006cd800000, 0x000000076ab00000)
  object space 221184K, 27% used [0x00000006c0000000,0x00000006c3b03420,0x00000006cd800000)
 Metaspace       used 75973K, capacity 79444K, committed 79640K, reserved 1118208K
  class space    used 9616K, capacity 10195K, committed 10288K, reserved 1048576K
Event: 454.467 GC heap after
Heap after GC invocations=15 (full 3):
 PSYoungGen      total 456192K, used 6952K [0x000000076ab00000, 0x0000000788000000, 0x00000007c0000000)
  eden space 432128K, 0% used [0x000000076ab00000,0x000000076ab00000,0x0000000785100000)
  from space 24064K, 28% used [0x0000000786880000,0x0000000786f4a320,0x0000000788000000)
  to   space 24064K, 0% used [0x0000000785100000,0x0000000785100000,0x0000000786880000)
 ParOldGen       total 221184K, used 60437K [0x00000006c0000000, 0x00000006cd800000, 0x000000076ab00000)
  object space 221184K, 27% used [0x00000006c0000000,0x00000006c3b05420,0x00000006cd800000)
 Metaspace       used 75973K, capacity 79444K, committed 79640K, reserved 1118208K
  class space    used 9616K, capacity 10195K, committed 10288K, reserved 1048576K
}
Event: 454.467 GC heap before
{Heap before GC invocations=16 (full 4):
 PSYoungGen      total 456192K, used 6952K [0x000000076ab00000, 0x0000000788000000, 0x00000007c0000000)
  eden space 432128K, 0% used [0x000000076ab00000,0x000000076ab00000,0x0000000785100000)
  from space 24064K, 28% used [0x0000000786880000,0x0000000786f4a320,0x0000000788000000)
  to   space 24064K, 0% used [0x0000000785100000,0x0000000785100000,0x0000000786880000)
 ParOldGen       total 221184K, used 60437K [0x00000006c0000000, 0x00000006cd800000, 0x000000076ab00000)
  object space 221184K, 27% used [0x00000006c0000000,0x00000006c3b05420,0x00000006cd800000)
 Metaspace       used 75973K, capacity 79444K, committed 79640K, reserved 1118208K
  class space    used 9616K, capacity 10195K, committed 10288K, reserved 1048576K
Event: 454.648 GC heap after
Heap after GC invocations=16 (full 4):
 PSYoungGen      total 456192K, used 0K [0x000000076ab00000, 0x0000000788000000, 0x00000007c0000000)
  eden space 432128K, 0% used [0x000000076ab00000,0x000000076ab00000,0x0000000785100000)
  from space 24064K, 0% used [0x0000000786880000,0x0000000786880000,0x0000000788000000)
  to   space 24064K, 0% used [0x0000000785100000,0x0000000785100000,0x0000000786880000)
 ParOldGen       total 221184K, used 39149K [0x00000006c0000000, 0x00000006cd800000, 0x000000076ab00000)
  object space 221184K, 17% used [0x00000006c0000000,0x00000006c263b728,0x00000006cd800000)
 Metaspace       used 75887K, capacity 79306K, committed 79640K, reserved 1118208K
  class space    used 9604K, capacity 10172K, committed 10288K, reserved 1048576K
}

